<?xml version="1.0" encoding="UTF-8"?>
<testng-results skipped="0" failed="0" total="1" passed="1">
  <reporter-output>
  </reporter-output>
  <suite name="Default suite" duration-ms="243" started-at="2012-02-13T19:16:37Z" finished-at="2012-02-13T19:16:37Z">
    <groups>
    </groups>
    <test name="Default test" duration-ms="243" started-at="2012-02-13T19:16:37Z" finished-at="2012-02-13T19:16:37Z">
      <class name="cdn.router.TestMST">
        <test-method status="PASS" signature="testRoutePlanWithoutBranch()[pri:0, instance:cdn.router.TestMST@162200d5]" name="testRoutePlanWithoutBranch" duration-ms="109" started-at="2012-02-13T19:16:37Z" finished-at="2012-02-13T19:16:37Z">
        </test-method>
      </class>
    </test>
  </suite>
</testng-results>
